<?xml version="1.0" encoding="UTF-8"?>
<!-- Generated by org.testng.reporters.JUnitReportReporter -->
<testsuite skipped="0" hostname="LAPTOP-N3ALFORJ" name="post_api.GetPostRequest" tests="1" failures="0" timestamp="30 Sep 2018 17:31:54 GMT" time="2.204" errors="0">
  <testcase name="postDataVerify" time="2.204" classname="post_api.GetPostRequest"/>
</testsuite> <!-- post_api.GetPostRequest -->
